# name/game/hands/seed /tmp/Colosseum/10112323123/dealer_pokerlog_file poker_defines/holdem.limit.2p.reverse_blinds.game 100 0
#--t_response 600000
#--t_hand 60000
#--t_per_hand 7000
STATE:0:rrrc/crrf:5d5c|9hQd/8dAs8s:50|-50:Alice|Bob
STATE:1:rc/crrc/cc/rrf:6sKs|5dJd/2sTh2h/Qh/8h:-60|60:Bob|Alice
STATE:2:rrrc/cc/cc/cc:Ah8s|2h4c/Qd7h6c/4s/Jc:-40|40:Alice|Bob
STATE:3:crc/crc/rrc/cc:4s8s|6hJd/QhJs9d/Qc/9h:-70|70:Bob|Alice
STATE:4:rrrc/rc/rc/crc:5s4c|Kc7d/KsAsJd/Th/7h:-90|90:Alice|Bob
STATE:5:rc/rc/crrrc/cc:KhTh|8s7d/9c8d5c/Qd/Td:90|-90:Bob|Alice
STATE:6:cc/crc/rc/rrc:Kc8h|5cAs/9dAh4d/7h/Qs:-80|80:Alice|Bob
STATE:7:f:Ah6c|2c3d:5|-5:Bob|Alice
STATE:8:cc/rc/rrc/rrc:2hAd|Js7c/4d3s3c/Jh/7d:-100|100:Alice|Bob
STATE:9:cc/cc/cc/rrc:Qd5h|9h2d/AsKs3h/Th/8c:50|-50:Bob|Alice
STATE:10:rrrc/rc/crc/cc:KcAd|Jd5c/6s7c4h/Ks/Kh:70|-70:Alice|Bob
STATE:11:rrc/rc/rrc/rc:9dTc|9s4h/3h7c2h/9h/Ts:100|-100:Bob|Alice
STATE:12:f:3hTs|AdQd:5|-5:Alice|Bob
STATE:13:f:8h9s|3d2s:5|-5:Bob|Alice
STATE:14:crc/rrrc/rc/rc:2d3s|6sQh/5d8h4d/Qs/2c:-90|90:Alice|Bob
STATE:15:rc/crrrrc/rrrrc/rrrc:3c4c|Th7s/5d6c8s/6h/3d:200|-200:Bob|Alice
STATE:16:rc/crc/rrrc/crc:3c8d|Ks6c/Ad8c7s/Jd/8s:110|-110:Alice|Bob
STATE:17:cc/rrrc/crrrc/rc:Kc7c|2s7d/As3h6s/Qc/7s:120|-120:Bob|Alice
STATE:18:rrc/rrrrc/rc/cc:AsJh|8d2c/7dAh5c/3s/3c:90|-90:Alice|Bob
STATE:19:crrrf:2h6d|7dKc:30|-30:Bob|Alice
STATE:20:rc/rc/cc/crc:5cAs|2s7h/KsQcTh/Qd/Qh:50|-50:Alice|Bob
STATE:21:crrc/rc/cc/rf:9sTs|7d4h/5c4sAh/4c/7c:40|-40:Bob|Alice
STATE:22:rrrf:5sJh|8dTh:-30|30:Alice|Bob
STATE:23:rrrc/rrc/cc/cc:6c7s|AcTh/TsAhQh/5s/As:-60|60:Bob|Alice
STATE:24:f:9d3h|Qh6s:5|-5:Alice|Bob
STATE:25:f:2s3d|7dTs:5|-5:Bob|Alice
STATE:26:rrc/cc/rc/rc:5dJs|9h4h/4sTh3d/3s/7d:-70|70:Alice|Bob
STATE:27:rrrc/cc/rf:2d2s|8s4d/TcAd5d/2c:40|-40:Bob|Alice
STATE:28:cc/crrrrc/crc/crrrc:AdTd|Qd2c/2d7d6c/9d/Jh:130|-130:Alice|Bob
STATE:29:rc/rrc/crrrrc/rc:8s2d|8h9d/7h5c7s/7c/Jc:-140|140:Bob|Alice
STATE:30:rc/crrc/rrrf:3c2s|4sTs/4hQc3h/3d:80|-80:Alice|Bob
STATE:31:f:Jd9c|6s8s:5|-5:Bob|Alice
STATE:32:rc/rc/rc/cc:QsKd|7c7d/2c2d6c/6h/Jd:-50|50:Alice|Bob
STATE:33:crc/crrc/cc/crrc:Th5d|Qs8h/7sAcJs/Td/7h:80|-80:Bob|Alice
STATE:34:rc/rc/crrc/rrrc:7hAc|AdAs/Jh3s5d/Kh/7c:-130|130:Alice|Bob
STATE:35:rrrc/cc/rc/rc:AsAh|2dQs/4s7dTs/Kd/5s:80|-80:Bob|Alice
STATE:36:rrc/crrrc/rrc/crrrc:AhQc|8c5c/4dAs4h/4s/6d:160|-160:Alice|Bob
STATE:37:rc/cc/cc/crrrrf:KcQd|8sJc/9hJh9d/Qs/Kd:80|-80:Bob|Alice
STATE:38:crc/rc/rc/crc:Ad6s|Qh8h/6cJc7c/8c/8s:-70|70:Alice|Bob
STATE:39:rrc/rc/rrrc/rrrrc:9sTc|6cAs/3d6s2d/Ac/Jc:-180|180:Bob|Alice
STATE:40:rc/crc/rrc/rrrrc:5d6s|8hKc/Kd3d2h/8d/Td:150|-150:Alice|Bob
STATE:41:cc/cc/rc/crrc:4d6d|9s6s/7dJd5c/Ad/Ks:70|-70:Bob|Alice
STATE:42:rc/rc/crc/rrrc:ThQh|Kc8s/2d3h9s/4s/2c:-110|110:Alice|Bob
STATE:43:f:7s8h|9h4c:5|-5:Bob|Alice
STATE:44:rrrc/crrc/rrc/crrc:9c6h|3dJh/AhTs9d/7s/7h:140|-140:Alice|Bob
STATE:45:crf:5c3s|7c8h:10|-10:Bob|Alice
STATE:46:crrc/rrf:8hJd|5cQh/6s3d9h:-40|40:Alice|Bob
STATE:47:cc/cc/rc/rf:Qc2s|JsAh/9d8s2h/6s/Jh:30|-30:Bob|Alice
STATE:48:cc/crc/cc/cc:5cJc|Jd4c/3hAc4d/3d/6s:-20|20:Alice|Bob
STATE:49:crrc/cc/crrrc/cc:QhTd|Js3c/9cQc5d/Ad/Kd:90|-90:Bob|Alice
STATE:50:cc/crc/rc/cc:Tc5d|JsAd/4h7s8s/9c/3d:-40|40:Alice|Bob
STATE:51:f:Ah7c|AsKc:5|-5:Bob|Alice
STATE:52:rc/crrrrc/rrc/rc:5cJh|Th8h/8s9d6c/5d/8d:-120|120:Alice|Bob
STATE:53:crrrc/crrc/rc/cc:Qd5c|3h6d/AsTd8d/Kh/Qc:80|-80:Bob|Alice
STATE:54:rc/cc/rc/rc:7s4h|7h9d/8d2dQs/2s/6d:-60|60:Alice|Bob
STATE:55:cc/rc/crrrrc/crc:8c6s|Tc8h/Qc2h8s/7h/6c:120|-120:Bob|Alice
STATE:56:rrrc/rf:Ks7d|9hTs/Jd4h9c:40|-40:Alice|Bob
STATE:57:rc/rc/rrc/rc:5cAh|9dTh/As3dTs/Kh/9h:-90|90:Bob|Alice
STATE:58:cc/crrc/cc/cc:2c9h|5hKh/JdKsAs/9s/6c:-30|30:Alice|Bob
STATE:59:cc/cc/rc/cc:4dTd|9s9c/TcJcKh/5s/7h:30|-30:Bob|Alice
STATE:60:cc/rc/cc/crc:5s9s|3c4c/Jc3sAs/6c/2c:-40|40:Alice|Bob
STATE:61:f:Jd5d|4s4d:5|-5:Bob|Alice
STATE:62:cc/rrc/rc/crc:5s2s|Kh2c/6d8hQs/Ah/Ks:-70|70:Alice|Bob
STATE:63:crrrc/rc/crc/crrc:7c5s|9c2c/QdKh9d/Jd/Kc:-110|110:Bob|Alice
STATE:64:crrf:7c9d|8s9h:-20|20:Alice|Bob
STATE:65:rrrc/crrrrc/rrrc/rc:8h7h|Ah2s/3dJh4s/Qd/As:-160|160:Bob|Alice
STATE:66:crc/crc/crc/rc:QhAd|5s3h/2h2cTc/6h/2s:70|-70:Alice|Bob
STATE:67:rc/rc/crc/rc:4d6d|9hJc/Jd4h3s/Ah/6s:70|-70:Bob|Alice
STATE:68:rc/crc/cc/cc:7h6d|6h4d/3cJd7d/8s/Kc:30|-30:Alice|Bob
STATE:69:rc/rrc/cc/cc:Jh4c|9d2d/6dTh5s/As/Kd:40|-40:Bob|Alice
STATE:70:rrrc/crrrf:Ah4d|JhTs/AsKh5s:-60|60:Alice|Bob
STATE:71:f:6c5h|8h2s:5|-5:Bob|Alice
STATE:72:rrrc/rrrrc/rrrc/cc:3c3s|7c3h/2s8s5s/9s/4c:140|-140:Alice|Bob
STATE:73:rc/crc/crrrc/crc:3s5d|Kh2h/3h2d9h/8d/9d:110|-110:Bob|Alice
STATE:74:crc/crrrrc/cc/crrrrc:5c3c|2dJh/Kh6c9h/4d/Ks:-140|140:Alice|Bob
STATE:75:rf:Kc7s|2s6d:-10|10:Bob|Alice
STATE:76:rf:Qh9s|Tc5d:-10|10:Alice|Bob
STATE:77:rrrc/rc/rrrc/cc:JsTd|5s2c/AsAcTc/Ah/8h:110|-110:Bob|Alice
STATE:78:rrc/cc/rc/cc:As8s|4cQc/Ad6hKh/Kd/8d:50|-50:Alice|Bob
STATE:79:cc/cc/rrc/crc:3c6h|3dKc/5hJc3h/9s/8h:-70|70:Bob|Alice
STATE:80:cc/cc/rc/rrc:6d6s|Tc6c/4c8s7s/Js/4d:70|-70:Alice|Bob
STATE:81:rrc/cc/crrrf:5s6s|7c3s/Qd4dQc/2c:-70|70:Bob|Alice
STATE:82:rrf:2sQs|2c7d:20|-20:Alice|Bob
STATE:83:f:8dTc|2h6c:5|-5:Bob|Alice
STATE:84:cc/rc/rc/cc:Ah9d|5c6c/Ts9s4c/Qh/4d:40|-40:Alice|Bob
STATE:85:cc/rc/cc/crf:3d8h|5d2s/4s9cQs/7h/As:-20|20:Bob|Alice
STATE:86:cc/rrf:6d8h|6h6c/Ts2sQc:-20|20:Alice|Bob
STATE:87:rrrc/crc/cc/cc:AdAc|8d8s/2cKhTs/8c/Qh:-50|50:Bob|Alice
STATE:88:cc/rc/crf:Jh2c|2hKc/5s8dTs/Tc:-20|20:Alice|Bob
STATE:89:crf:JsKc|JdQh:10|-10:Bob|Alice
STATE:90:rc/crc/cc/rrc:2sTs|Kd6s/9dTh6h/2c/3d:70|-70:Alice|Bob
STATE:91:cc/rc/cc/crc:7d9h|JdKc/KhQdJc/Ts/Td:40|-40:Bob|Alice
STATE:92:rrc/rc/cc/cc:8hJc|JhAc/6s5s6d/9h/4s:-40|40:Alice|Bob
STATE:93:rrc/rrc/crrrrf:Jh2d|2c5h/AdKdTd/Jd:110|-110:Bob|Alice
STATE:94:crrrc/cc/crc/rf:Tc3s|9s4h/Td8d5c/Qh/Jd:60|-60:Alice|Bob
STATE:95:rc/crrc/rc/rrc:9dAd|5sTc/AhJd3d/Jc/5c:100|-100:Bob|Alice
STATE:96:crrrc/crc/rrc/rrrc:4sQh|8dTc/QcJsAh/Jd/3c:150|-150:Alice|Bob
STATE:97:f:Qd9h|AsAd:5|-5:Bob|Alice
STATE:98:rc/rrrrf:QsQc|7cQh/Kd6h3h:-50|50:Alice|Bob
STATE:99:crc/rc/cc/crc:4cTs|Qs9s/9h5d8d/6c/6d:-50|50:Bob|Alice
SCORE:-700|700:Alice|Bob
